Info: Starting: Create block symbol file (.bsf)
Info: qsys-generate D:\Proyectos\Quartus\Arqui-II-Proyecto-I\proyecto1\probe_pc.qsys --block-symbol-file --output-directory=D:\Proyectos\Quartus\Arqui-II-Proyecto-I\proyecto1\probe_pc --family="Cyclone V" --part=5CSEMA5F31C6
Progress: Loading proyecto1/probe_pc.qsys
Progress: Reading input file
Progress: Adding in_system_sources_probes_0 [altera_in_system_sources_probes 20.1]
Progress: Parameterizing module in_system_sources_probes_0
Progress: Building connections
Progress: Parameterizing connections
Progress: Validating
Progress: Done reading input file
Info: qsys-generate succeeded.
Info: Finished: Create block symbol file (.bsf)
Info: 
Info: Starting: Create HDL design files for synthesis
Info: qsys-generate D:\Proyectos\Quartus\Arqui-II-Proyecto-I\proyecto1\probe_pc.qsys --synthesis=VERILOG --output-directory=D:\Proyectos\Quartus\Arqui-II-Proyecto-I\proyecto1\probe_pc\synthesis --family="Cyclone V" --part=5CSEMA5F31C6
Progress: Loading proyecto1/probe_pc.qsys
Progress: Reading input file
Progress: Adding in_system_sources_probes_0 [altera_in_system_sources_probes 20.1]
Progress: Parameterizing module in_system_sources_probes_0
Progress: Building connections
Progress: Parameterizing connections
Progress: Validating
Progress: Done reading input file
Info: probe_pc: Generating probe_pc "probe_pc" for QUARTUS_SYNTH
Info: in_system_sources_probes_0: "probe_pc" instantiated altera_in_system_sources_probes "in_system_sources_probes_0"
Info: probe_pc: Done "probe_pc" with 2 modules, 2 files
Info: qsys-generate succeeded.
Info: Finished: Create HDL design files for synthesis
